  aBehaviors.cpp
aBehaviors.cpp(237): warning C4018: '<': signed/unsigned mismatch
aBehaviors.cpp(417): warning C4018: '<': signed/unsigned mismatch
aBehaviors.cpp(469): warning C4018: '<': signed/unsigned mismatch
aBehaviors.cpp(526): warning C4018: '<': signed/unsigned mismatch
  libassignment5.vcxproj -> C:\Users\Marissa Nicole\Desktop\CGGT - 1st Semester\cis562\hw9-behavioral-animation-marissacomo\HW9 - AnimationToolkit - 2017\libsrc\animation\..\..\lib\libassignment5d.lib
  aActor.h
  aBehaviorController.h
  aBehaviors.h
  aBVHController.h
  aFireworks.h
  aIKController.h
  aJitter.h
  aJoint.h
  aMatrix.h
  aMotion.h
  aMotionController.h
  aParticle.h
  aParticleSystem.h
  aRocket.h
  aRotation.h
  aSkeleton.h
  aSpark.h
  aSplineQuat.h
  aSplineQuaternion.h
  aSplineVec3.h
  aTarget.h
  aTransform.h
  aVector.h
         23 file(s) copied.
